{"numTotalTestSuites":2,"numPassedTestSuites":0,"numFailedTestSuites":2,"numPendingTestSuites":0,"numTotalTests":2,"numPassedTests":1,"numFailedTests":1,"numPendingTests":0,"numTodoTests":0,"snapshot":{"added":0,"failure":false,"filesAdded":0,"filesRemoved":0,"filesRemovedList":[],"filesUnmatched":0,"filesUpdated":0,"matched":0,"total":0,"unchecked":0,"uncheckedKeysByFile":[],"unmatched":0,"updated":0,"didUpdate":false},"startTime":1774277205408,"success":false,"testResults":[{"assertionResults":[{"ancestorTitles":["InferenceEngine"],"fullName":"InferenceEngine should run the complete pipeline and return sorted results","status":"failed","title":"should run the complete pipeline and return sorted results","duration":6.494299999999981,"failureMessages":["AssertionError: expected false to be true // Object.is equality\n    at C:/Users/Esteban/Desktop/Skill IA/01-Agente-Dropservice/dropservice-platform/tests/unit/core/domain/event-intelligence/engine/InferenceEngine.test.ts:101:30\n    at processTicksAndRejections (node:internal/process/task_queues:103:5)\n    at file:///C:/Users/Esteban/Desktop/Skill%20IA/01-Agente-Dropservice/dropservice-platform/node_modules/@vitest/runner/dist/index.js:1258:20"],"meta":{},"tags":[]},{"ancestorTitles":["InferenceEngine"],"fullName":"InferenceEngine should throw error if graph is not found","status":"passed","title":"should throw error if graph is not found","duration":0.9687000000000126,"failureMessages":[],"meta":{},"tags":[]}],"startTime":1774277205737,"endTime":1774277205744.9688,"status":"failed","message":"","name":"C:/Users/Esteban/Desktop/Skill IA/01-Agente-Dropservice/dropservice-platform/tests/unit/core/domain/event-intelligence/engine/InferenceEngine.test.ts"}]}